<?xml version="1.0" encoding="UTF-8"?>
<testng-results ignored="0" total="1" passed="0" failed="1" skipped="0">
  <reporter-output>
  </reporter-output>
  <suite started-at="2022-07-03T02:29:39 ART" name="Mobile App Tests" finished-at="2022-07-03T02:29:59 ART" duration-ms="19322">
    <groups>
    </groups>
    <test started-at="2022-07-03T02:29:39 ART" name="Welcome Screen Tests" finished-at="2022-07-03T02:29:59 ART" duration-ms="19322">
      <class name="bettervet.mobile.app.test.FirstTest">
        <test-method is-config="true" signature="setCapabilities()[pri:0, instance:bettervet.mobile.app.test.FirstTest@6c779568]" started-at="2022-07-03T02:29:40 ART" name="setCapabilities" finished-at="2022-07-03T02:29:45 ART" duration-ms="5122" status="PASS">
          <reporter-output>
          </reporter-output>
        </test-method> <!-- setCapabilities -->
        <test-method signature="welcomeScreenTest()[pri:0, instance:bettervet.mobile.app.test.FirstTest@6c779568]" started-at="2022-07-03T02:29:45 ART" name="welcomeScreenTest" finished-at="2022-07-03T02:29:58 ART" duration-ms="13381" status="FAIL">
          <exception class="org.openqa.selenium.NoSuchElementException">
            <message>
              <![CDATA[An element could not be located on the page using the given search parameters.
For documentation on this error, please visit: https://www.seleniumhq.org/exceptions/no_such_element.html
Build info: version: '3.141.59', revision: 'e82be7d358', time: '2018-11-14T08:17:03'
System info: host: 'MacBook-Pro-de-Juan.local', ip: 'fe80:0:0:0:4f5:a327:f384:be54%en0', os.name: 'Mac OS X', os.arch: 'x86_64', os.version: '12.3.1', java.version: '11.0.15'
Driver info: io.appium.java_client.android.AndroidDriver
Capabilities {app: /Users/jcgularte/Desktop/Cu..., appActivity: com.bettervet.MainActivity, appPackage: com.bettervet, automationName: UiAutomator2, databaseEnabled: false, desired: {app: /Users/jcgularte/Desktop/Cu..., appActivity: com.bettervet.MainActivity, appPackage: com.bettervet, automationName: UiAutomator2, deviceName: Samsung Galaxy S21, platformName: android, setWebContentsDebuggingEnabled: true}, deviceApiLevel: 31, deviceManufacturer: Google, deviceModel: sdk_gphone64_arm64, deviceName: emulator-5554, deviceScreenDensity: 320, deviceScreenSize: 1080x2400, deviceUDID: emulator-5554, javascriptEnabled: true, locationContextEnabled: false, networkConnectionEnabled: true, pixelRatio: 2, platform: LINUX, platformName: Android, platformVersion: 12, setWebContentsDebuggingEnabled: true, statBarHeight: 48, takesScreenshot: true, viewportRect: {height: 2256, left: 0, top: 48, width: 1080}, warnings: {}, webStorageEnabled: false}
Session ID: 3389a0ca-0ffa-4d16-94b6-9a2276a8a779
*** Element info: {Using=xpath, value=//android.widget.TextView[@text='Login']}]]>
            </message>
            <full-stacktrace>
              <![CDATA[org.openqa.selenium.NoSuchElementException: An element could not be located on the page using the given search parameters.
For documentation on this error, please visit: https://www.seleniumhq.org/exceptions/no_such_element.html
Build info: version: '3.141.59', revision: 'e82be7d358', time: '2018-11-14T08:17:03'
System info: host: 'MacBook-Pro-de-Juan.local', ip: 'fe80:0:0:0:4f5:a327:f384:be54%en0', os.name: 'Mac OS X', os.arch: 'x86_64', os.version: '12.3.1', java.version: '11.0.15'
Driver info: io.appium.java_client.android.AndroidDriver
Capabilities {app: /Users/jcgularte/Desktop/Cu..., appActivity: com.bettervet.MainActivity, appPackage: com.bettervet, automationName: UiAutomator2, databaseEnabled: false, desired: {app: /Users/jcgularte/Desktop/Cu..., appActivity: com.bettervet.MainActivity, appPackage: com.bettervet, automationName: UiAutomator2, deviceName: Samsung Galaxy S21, platformName: android, setWebContentsDebuggingEnabled: true}, deviceApiLevel: 31, deviceManufacturer: Google, deviceModel: sdk_gphone64_arm64, deviceName: emulator-5554, deviceScreenDensity: 320, deviceScreenSize: 1080x2400, deviceUDID: emulator-5554, javascriptEnabled: true, locationContextEnabled: false, networkConnectionEnabled: true, pixelRatio: 2, platform: LINUX, platformName: Android, platformVersion: 12, setWebContentsDebuggingEnabled: true, statBarHeight: 48, takesScreenshot: true, viewportRect: {height: 2256, left: 0, top: 48, width: 1080}, warnings: {}, webStorageEnabled: false}
Session ID: 3389a0ca-0ffa-4d16-94b6-9a2276a8a779
*** Element info: {Using=xpath, value=//android.widget.TextView[@text='Login']}
at java.base/jdk.internal.reflect.NativeConstructorAccessorImpl.newInstance0(Native Method)
at java.base/jdk.internal.reflect.NativeConstructorAccessorImpl.newInstance(NativeConstructorAccessorImpl.java:62)
at java.base/jdk.internal.reflect.DelegatingConstructorAccessorImpl.newInstance(DelegatingConstructorAccessorImpl.java:45)
at java.base/java.lang.reflect.Constructor.newInstance(Constructor.java:490)
at org.openqa.selenium.remote.http.W3CHttpResponseCodec.createException(W3CHttpResponseCodec.java:187)
at org.openqa.selenium.remote.http.W3CHttpResponseCodec.decode(W3CHttpResponseCodec.java:122)
at org.openqa.selenium.remote.http.W3CHttpResponseCodec.decode(W3CHttpResponseCodec.java:49)
at org.openqa.selenium.remote.HttpCommandExecutor.execute(HttpCommandExecutor.java:158)
at io.appium.java_client.remote.AppiumCommandExecutor.execute(AppiumCommandExecutor.java:247)
at org.openqa.selenium.remote.RemoteWebDriver.execute(RemoteWebDriver.java:552)
at io.appium.java_client.DefaultGenericMobileDriver.execute(DefaultGenericMobileDriver.java:41)
at io.appium.java_client.AppiumDriver.execute(AppiumDriver.java:1)
at io.appium.java_client.android.AndroidDriver.execute(AndroidDriver.java:1)
at org.openqa.selenium.remote.RemoteWebDriver.findElement(RemoteWebDriver.java:323)
at io.appium.java_client.DefaultGenericMobileDriver.findElement(DefaultGenericMobileDriver.java:61)
at io.appium.java_client.AppiumDriver.findElement(AppiumDriver.java:1)
at io.appium.java_client.android.AndroidDriver.findElement(AndroidDriver.java:1)
at org.openqa.selenium.remote.RemoteWebDriver.findElementByXPath(RemoteWebDriver.java:428)
at io.appium.java_client.DefaultGenericMobileDriver.findElementByXPath(DefaultGenericMobileDriver.java:151)
at io.appium.java_client.AppiumDriver.findElementByXPath(AppiumDriver.java:1)
at io.appium.java_client.android.AndroidDriver.findElementByXPath(AndroidDriver.java:1)
at org.openqa.selenium.By$ByXPath.findElement(By.java:353)
at org.openqa.selenium.remote.RemoteWebDriver.findElement(RemoteWebDriver.java:315)
at io.appium.java_client.DefaultGenericMobileDriver.findElement(DefaultGenericMobileDriver.java:57)
at io.appium.java_client.AppiumDriver.findElement(AppiumDriver.java:1)
at io.appium.java_client.android.AndroidDriver.findElement(AndroidDriver.java:1)
at bettervet.mobile.app.test.FirstTest.welcomeScreenTest(FirstTest.java:45)
at java.base/jdk.internal.reflect.NativeMethodAccessorImpl.invoke0(Native Method)
at java.base/jdk.internal.reflect.NativeMethodAccessorImpl.invoke(NativeMethodAccessorImpl.java:62)
at java.base/jdk.internal.reflect.DelegatingMethodAccessorImpl.invoke(DelegatingMethodAccessorImpl.java:43)
at java.base/java.lang.reflect.Method.invoke(Method.java:566)
at org.testng.internal.MethodInvocationHelper.invokeMethod(MethodInvocationHelper.java:134)
at org.testng.internal.TestInvoker.invokeMethod(TestInvoker.java:597)
at org.testng.internal.TestInvoker.invokeTestMethod(TestInvoker.java:173)
at org.testng.internal.MethodRunner.runInSequence(MethodRunner.java:46)
at org.testng.internal.TestInvoker$MethodInvocationAgent.invoke(TestInvoker.java:816)
at org.testng.internal.TestInvoker.invokeTestMethods(TestInvoker.java:146)
at org.testng.internal.TestMethodWorker.invokeTestMethods(TestMethodWorker.java:146)
at org.testng.internal.TestMethodWorker.run(TestMethodWorker.java:128)
at java.base/java.util.ArrayList.forEach(ArrayList.java:1541)
at org.testng.TestRunner.privateRun(TestRunner.java:766)
at org.testng.TestRunner.run(TestRunner.java:587)
at org.testng.SuiteRunner.runTest(SuiteRunner.java:384)
at org.testng.SuiteRunner.access$000(SuiteRunner.java:28)
at org.testng.SuiteRunner$SuiteWorker.run(SuiteRunner.java:425)
at org.testng.internal.thread.ThreadUtil.lambda$execute$0(ThreadUtil.java:68)
at java.base/java.util.concurrent.FutureTask.run(FutureTask.java:264)
at java.base/java.util.concurrent.ThreadPoolExecutor.runWorker(ThreadPoolExecutor.java:1128)
at java.base/java.util.concurrent.ThreadPoolExecutor$Worker.run(ThreadPoolExecutor.java:628)
at java.base/java.lang.Thread.run(Thread.java:834)
]]>
            </full-stacktrace>
          </exception> <!-- org.openqa.selenium.NoSuchElementException -->
          <reporter-output>
          </reporter-output>
        </test-method> <!-- welcomeScreenTest -->
        <test-method is-config="true" signature="shutDown()[pri:0, instance:bettervet.mobile.app.test.FirstTest@6c779568]" started-at="2022-07-03T02:29:58 ART" name="shutDown" finished-at="2022-07-03T02:29:59 ART" duration-ms="262" status="PASS">
          <reporter-output>
          </reporter-output>
        </test-method> <!-- shutDown -->
      </class> <!-- bettervet.mobile.app.test.FirstTest -->
    </test> <!-- Welcome Screen Tests -->
  </suite> <!-- Mobile App Tests -->
</testng-results>
