<?xml version="1.0" encoding="UTF-8"?>
<testng-results ignored="6" total="9" passed="3" failed="0" skipped="0">
  <reporter-output>
  </reporter-output>
  <suite started-at="2022-07-11T23:27:32Z" name="Mobile App - Login Tests" finished-at="2022-07-11T23:28:46Z" duration-ms="74647">
    <groups>
    </groups>
    <test started-at="2022-07-11T23:27:32Z" name="Positive Login Test" finished-at="2022-07-11T23:28:07Z" duration-ms="35418">
      <class name="bettervet.mobile.app.tests.LoginTests">
        <test-method is-config="true" signature="setCapabilities()[pri:0, instance:bettervet.mobile.app.tests.LoginTests@b978d10]" started-at="2022-07-11T23:27:32Z" name="setCapabilities" finished-at="2022-07-11T23:27:53Z" duration-ms="21071" status="PASS">
          <reporter-output>
          </reporter-output>
        </test-method> <!-- setCapabilities -->
        <test-method signature="positiveLogin(java.lang.String, java.lang.String)[pri:0, instance:bettervet.mobile.app.tests.LoginTests@b978d10]" started-at="2022-07-11T23:27:53Z" name="positiveLogin" finished-at="2022-07-11T23:28:06Z" duration-ms="13085" status="PASS">
          <params>
            <param index="0">
              <value>
                <![CDATA[juancarlosgularte@bettervet.com]]>
              </value>
            </param>
            <param index="1">
              <value>
                <![CDATA[Helloworld10]]>
              </value>
            </param>
          </params>
          <reporter-output>
          </reporter-output>
        </test-method> <!-- positiveLogin -->
        <test-method is-config="true" signature="shutDown()[pri:0, instance:bettervet.mobile.app.tests.LoginTests@b978d10]" started-at="2022-07-11T23:28:06Z" name="shutDown" finished-at="2022-07-11T23:28:07Z" duration-ms="559" status="PASS">
          <reporter-output>
          </reporter-output>
        </test-method> <!-- shutDown -->
      </class> <!-- bettervet.mobile.app.tests.LoginTests -->
    </test> <!-- Positive Login Test -->
    <test started-at="2022-07-11T23:28:07Z" name="Negative Login Test - Invalid Credentials" finished-at="2022-07-11T23:28:27Z" duration-ms="19725">
      <class name="bettervet.mobile.app.tests.LoginTests">
        <test-method is-config="true" signature="setCapabilities()[pri:0, instance:bettervet.mobile.app.tests.LoginTests@3eb77ea8]" started-at="2022-07-11T23:28:07Z" name="setCapabilities" finished-at="2022-07-11T23:28:13Z" duration-ms="6237" status="PASS">
          <reporter-output>
          </reporter-output>
        </test-method> <!-- setCapabilities -->
        <test-method signature="negativeLoginWithInvalidCredentials()[pri:0, instance:bettervet.mobile.app.tests.LoginTests@3eb77ea8]" started-at="2022-07-11T23:28:13Z" name="negativeLoginWithInvalidCredentials" finished-at="2022-07-11T23:28:26Z" duration-ms="12933" status="PASS">
          <reporter-output>
          </reporter-output>
        </test-method> <!-- negativeLoginWithInvalidCredentials -->
        <test-method is-config="true" signature="shutDown()[pri:0, instance:bettervet.mobile.app.tests.LoginTests@3eb77ea8]" started-at="2022-07-11T23:28:26Z" name="shutDown" finished-at="2022-07-11T23:28:27Z" duration-ms="527" status="PASS">
          <reporter-output>
          </reporter-output>
        </test-method> <!-- shutDown -->
      </class> <!-- bettervet.mobile.app.tests.LoginTests -->
    </test> <!-- Negative Login Test - Invalid Credentials -->
    <test started-at="2022-07-11T23:28:27Z" name="Negative Login Test - Error Messages" finished-at="2022-07-11T23:28:46Z" duration-ms="19398">
      <class name="bettervet.mobile.app.tests.LoginTests">
        <test-method is-config="true" signature="setCapabilities()[pri:0, instance:bettervet.mobile.app.tests.LoginTests@2141a12]" started-at="2022-07-11T23:28:27Z" name="setCapabilities" finished-at="2022-07-11T23:28:33Z" duration-ms="6102" status="PASS">
          <reporter-output>
          </reporter-output>
        </test-method> <!-- setCapabilities -->
        <test-method signature="negativeLoginErrors(java.lang.String, java.lang.String, java.lang.String)[pri:0, instance:bettervet.mobile.app.tests.LoginTests@2141a12]" started-at="2022-07-11T23:28:33Z" name="negativeLoginErrors" finished-at="2022-07-11T23:28:46Z" duration-ms="12796" status="PASS">
          <params>
            <param index="0">
              <value>
                <![CDATA[juancarlosgularte@bettervet.com]]>
              </value>
            </param>
            <param index="1">
              <value>
                <![CDATA[Hello]]>
              </value>
            </param>
            <param index="2">
              <value>
                <![CDATA[Your password must contain at least one number, a capital letter and a minimum of 6 characters]]>
              </value>
            </param>
          </params>
          <reporter-output>
          </reporter-output>
        </test-method> <!-- negativeLoginErrors -->
        <test-method is-config="true" signature="shutDown()[pri:0, instance:bettervet.mobile.app.tests.LoginTests@2141a12]" started-at="2022-07-11T23:28:46Z" name="shutDown" finished-at="2022-07-11T23:28:46Z" duration-ms="476" status="PASS">
          <reporter-output>
          </reporter-output>
        </test-method> <!-- shutDown -->
      </class> <!-- bettervet.mobile.app.tests.LoginTests -->
    </test> <!-- Negative Login Test - Error Messages -->
  </suite> <!-- Mobile App - Login Tests -->
</testng-results>
