<?xml version="1.0" encoding="UTF-8"?>
<!-- Generated by org.testng.reporters.JUnitXMLReporter -->
<testsuite ignored="2" hostname="MacBook-Pro-de-Juan.local" failures="0" tests="1" name="Negative Login Test - Invalid Credentials" time="19.725" errors="0" timestamp="11 jul. 2022 23:28:27 GMT">
  <testcase classname="bettervet.mobile.app.tests.LoginTests" name="negativeLoginWithInvalidCredentials" time="12.933"/>
  <testcase classname="bettervet.mobile.app.tests.LoginTests" name="positiveLogin" time="0.0">
    <ignored/>
  </testcase> <!-- positiveLogin -->
  <testcase classname="bettervet.mobile.app.tests.LoginTests" name="negativeLoginErrors" time="0.0">
    <ignored/>
  </testcase> <!-- negativeLoginErrors -->
</testsuite> <!-- Negative Login Test - Invalid Credentials -->
