<?xml version="1.0" encoding="UTF-8"?>
<!-- Generated by org.testng.reporters.JUnitXMLReporter -->
<testsuite ignored="2" hostname="MacBook-Pro-de-Juan.local" failures="0" tests="1" name="Positive Login Test" time="18.202" errors="0" timestamp="05 jul. 2022 04:26:27 GMT">
  <testcase classname="bettervet.mobile.app.tests.LoginTests" name="positiveLogin" time="11.71"/>
  <testcase classname="bettervet.mobile.app.tests.LoginTests" name="negativeLoginErrors" time="0.0">
    <ignored/>
  </testcase> <!-- negativeLoginErrors -->
  <testcase classname="bettervet.mobile.app.tests.LoginTests" name="negativeLoginWithInvalidCredentials" time="0.0">
    <ignored/>
  </testcase> <!-- negativeLoginWithInvalidCredentials -->
</testsuite> <!-- Positive Login Test -->
